2012-10-20 09:27:53,877 - Log4JLogChute initialized using file 'velocity.log'
2012-10-20 09:27:53,879 - Starting Apache Velocity v1.6.2 (compiled: 2009-02-19 16:29:46)
2012-10-20 09:27:53,879 - Default Properties File: org/apache/velocity/runtime/defaults/velocity.properties
2012-10-20 09:27:53,879 - Trying to use logger class org.apache.velocity.runtime.log.AvalonLogChute
2012-10-20 09:27:53,879 - Target log system for org.apache.velocity.runtime.log.AvalonLogChute is not available (java.lang.NoClassDefFoundError: org/apache/log/format/Formatter).  Falling back to next log system...
2012-10-20 09:27:53,879 - Trying to use logger class org.apache.velocity.runtime.log.Log4JLogChute
2012-10-20 09:27:53,879 - Using logger class org.apache.velocity.runtime.log.Log4JLogChute
2012-10-20 09:27:53,888 - ResourceLoader instantiated: org.apache.velocity.runtime.resource.loader.ClasspathResourceLoader
2012-10-20 09:27:53,932 - ResourceCache: initialized (class org.apache.velocity.runtime.resource.ResourceCacheImpl) with class java.util.Collections$SynchronizedMap cache map.
2012-10-20 09:27:53,936 - Loaded System Directive: org.apache.velocity.runtime.directive.Define
2012-10-20 09:27:53,937 - Loaded System Directive: org.apache.velocity.runtime.directive.Break
2012-10-20 09:27:53,939 - Loaded System Directive: org.apache.velocity.runtime.directive.Evaluate
2012-10-20 09:27:53,940 - Loaded System Directive: org.apache.velocity.runtime.directive.Literal
2012-10-20 09:27:53,942 - Loaded System Directive: org.apache.velocity.runtime.directive.Macro
2012-10-20 09:27:53,945 - Loaded System Directive: org.apache.velocity.runtime.directive.Parse
2012-10-20 09:27:53,948 - Loaded System Directive: org.apache.velocity.runtime.directive.Include
2012-10-20 09:27:53,950 - Loaded System Directive: org.apache.velocity.runtime.directive.Foreach
2012-10-20 09:27:54,015 - Created '20' parsers.
2012-10-20 09:27:54,029 - Velocimacro : "velocimacro.library" is not set.  Trying default library: VM_global_library.vm
2012-10-20 09:27:54,031 - Could not load resource 'VM_global_library.vm' from ResourceLoader org.apache.velocity.runtime.resource.loader.ClasspathResourceLoader: 
org.apache.velocity.exception.ResourceNotFoundException: ClasspathResourceLoader Error: cannot find resource VM_global_library.vm
	at org.apache.velocity.runtime.resource.loader.ClasspathResourceLoader.getResourceStream(ClasspathResourceLoader.java:131)
	at org.apache.velocity.runtime.resource.loader.ResourceLoader.resourceExists(ResourceLoader.java:224)
	at org.apache.velocity.runtime.resource.ResourceManagerImpl.getLoaderForResource(ResourceManagerImpl.java:641)
	at org.apache.velocity.runtime.resource.ResourceManagerImpl.getLoaderNameForResource(ResourceManagerImpl.java:624)
	at org.apache.velocity.runtime.RuntimeInstance.getLoaderNameForResource(RuntimeInstance.java:1464)
	at org.apache.velocity.runtime.VelocimacroFactory.initVelocimacro(VelocimacroFactory.java:159)
	at org.apache.velocity.runtime.RuntimeInstance.init(RuntimeInstance.java:261)
	at org.apache.velocity.app.VelocityEngine.init(VelocityEngine.java:107)
	at ousl.group4.email.service.impl.MailSenderImpl.send(MailSenderImpl.java:275)
	at ousl.group4.test.TestNotificationApi.main(TestNotificationApi.java:45)
	at sun.reflect.NativeMethodAccessorImpl.invoke0(Native Method)
	at sun.reflect.NativeMethodAccessorImpl.invoke(NativeMethodAccessorImpl.java:39)
	at sun.reflect.DelegatingMethodAccessorImpl.invoke(DelegatingMethodAccessorImpl.java:25)
	at java.lang.reflect.Method.invoke(Method.java:597)
	at com.intellij.rt.execution.application.AppMain.main(AppMain.java:120)
2012-10-20 09:27:54,035 - Velocimacro : Default library not found.
2012-10-20 09:27:54,035 - Velocimacro : allowInline = true : VMs can be defined inline in templates
2012-10-20 09:27:54,035 - Velocimacro : allowInlineToOverride = false : VMs defined inline may NOT replace previous VM definitions
2012-10-20 09:27:54,035 - Velocimacro : allowInlineLocal = false : VMs defined inline will be global in scope if allowed.
2012-10-20 09:27:54,035 - Velocimacro : autoload off : VM system will not automatically reload global library macros
2012-10-20 09:27:54,068 - ResourceManager : found test.vm with loader org.apache.velocity.runtime.resource.loader.ClasspathResourceLoader
2012-11-27 16:10:03,319 - Log4JLogChute initialized using file 'velocity.log'
2012-11-27 16:10:03,338 - Starting Apache Velocity v1.6.2 (compiled: 2009-02-19 16:29:46)
2012-11-27 16:10:03,338 - Default Properties File: org/apache/velocity/runtime/defaults/velocity.properties
2012-11-27 16:10:03,338 - Trying to use logger class org.apache.velocity.runtime.log.AvalonLogChute
2012-11-27 16:10:03,338 - Target log system for org.apache.velocity.runtime.log.AvalonLogChute is not available (java.lang.NoClassDefFoundError: org/apache/log/format/Formatter).  Falling back to next log system...
2012-11-27 16:10:03,338 - Trying to use logger class org.apache.velocity.runtime.log.Log4JLogChute
2012-11-27 16:10:03,338 - Using logger class org.apache.velocity.runtime.log.Log4JLogChute
2012-11-27 16:10:03,343 - ResourceLoader instantiated: org.apache.velocity.runtime.resource.loader.ClasspathResourceLoader
2012-11-27 16:10:03,363 - ResourceCache: initialized (class org.apache.velocity.runtime.resource.ResourceCacheImpl) with class java.util.Collections$SynchronizedMap cache map.
2012-11-27 16:10:03,365 - Loaded System Directive: org.apache.velocity.runtime.directive.Define
2012-11-27 16:10:03,365 - Loaded System Directive: org.apache.velocity.runtime.directive.Break
2012-11-27 16:10:03,366 - Loaded System Directive: org.apache.velocity.runtime.directive.Evaluate
2012-11-27 16:10:03,367 - Loaded System Directive: org.apache.velocity.runtime.directive.Literal
2012-11-27 16:10:03,368 - Loaded System Directive: org.apache.velocity.runtime.directive.Macro
2012-11-27 16:10:03,369 - Loaded System Directive: org.apache.velocity.runtime.directive.Parse
2012-11-27 16:10:03,370 - Loaded System Directive: org.apache.velocity.runtime.directive.Include
2012-11-27 16:10:03,371 - Loaded System Directive: org.apache.velocity.runtime.directive.Foreach
2012-11-27 16:10:03,403 - Created '20' parsers.
2012-11-27 16:10:03,410 - Velocimacro : "velocimacro.library" is not set.  Trying default library: VM_global_library.vm
2012-11-27 16:10:03,411 - Could not load resource 'VM_global_library.vm' from ResourceLoader org.apache.velocity.runtime.resource.loader.ClasspathResourceLoader: 
org.apache.velocity.exception.ResourceNotFoundException: ClasspathResourceLoader Error: cannot find resource VM_global_library.vm
	at org.apache.velocity.runtime.resource.loader.ClasspathResourceLoader.getResourceStream(ClasspathResourceLoader.java:131)
	at org.apache.velocity.runtime.resource.loader.ResourceLoader.resourceExists(ResourceLoader.java:224)
	at org.apache.velocity.runtime.resource.ResourceManagerImpl.getLoaderForResource(ResourceManagerImpl.java:641)
	at org.apache.velocity.runtime.resource.ResourceManagerImpl.getLoaderNameForResource(ResourceManagerImpl.java:624)
	at org.apache.velocity.runtime.RuntimeInstance.getLoaderNameForResource(RuntimeInstance.java:1464)
	at org.apache.velocity.runtime.VelocimacroFactory.initVelocimacro(VelocimacroFactory.java:159)
	at org.apache.velocity.runtime.RuntimeInstance.init(RuntimeInstance.java:261)
	at org.apache.velocity.app.VelocityEngine.init(VelocityEngine.java:107)
	at ousl.group4.email.service.impl.MailSenderImpl.send(MailSenderImpl.java:244)
	at ousl.group4.test.TestNotificationApi.main(TestNotificationApi.java:72)
	at sun.reflect.NativeMethodAccessorImpl.invoke0(Native Method)
	at sun.reflect.NativeMethodAccessorImpl.invoke(NativeMethodAccessorImpl.java:39)
	at sun.reflect.DelegatingMethodAccessorImpl.invoke(DelegatingMethodAccessorImpl.java:25)
	at java.lang.reflect.Method.invoke(Method.java:597)
	at com.intellij.rt.execution.application.AppMain.main(AppMain.java:120)
2012-11-27 16:10:03,412 - Velocimacro : Default library not found.
2012-11-27 16:10:03,412 - Velocimacro : allowInline = true : VMs can be defined inline in templates
2012-11-27 16:10:03,412 - Velocimacro : allowInlineToOverride = false : VMs defined inline may NOT replace previous VM definitions
2012-11-27 16:10:03,412 - Velocimacro : allowInlineLocal = false : VMs defined inline will be global in scope if allowed.
2012-11-27 16:10:03,413 - Velocimacro : autoload off : VM system will not automatically reload global library macros
2012-11-27 16:10:03,427 - ResourceManager : found /test.vm with loader org.apache.velocity.runtime.resource.loader.ClasspathResourceLoader
2012-11-27 16:19:56,167 - Log4JLogChute initialized using file 'velocity.log'
2012-11-27 16:19:56,168 - Starting Apache Velocity v1.6.2 (compiled: 2009-02-19 16:29:46)
2012-11-27 16:19:56,168 - Default Properties File: org/apache/velocity/runtime/defaults/velocity.properties
2012-11-27 16:19:56,168 - Trying to use logger class org.apache.velocity.runtime.log.AvalonLogChute
2012-11-27 16:19:56,168 - Target log system for org.apache.velocity.runtime.log.AvalonLogChute is not available (java.lang.NoClassDefFoundError: org/apache/log/format/Formatter).  Falling back to next log system...
2012-11-27 16:19:56,168 - Trying to use logger class org.apache.velocity.runtime.log.Log4JLogChute
2012-11-27 16:19:56,168 - Using logger class org.apache.velocity.runtime.log.Log4JLogChute
2012-11-27 16:19:56,172 - ResourceLoader instantiated: org.apache.velocity.runtime.resource.loader.ClasspathResourceLoader
2012-11-27 16:19:56,180 - ResourceCache: initialized (class org.apache.velocity.runtime.resource.ResourceCacheImpl) with class java.util.Collections$SynchronizedMap cache map.
2012-11-27 16:19:56,181 - Loaded System Directive: org.apache.velocity.runtime.directive.Define
2012-11-27 16:19:56,182 - Loaded System Directive: org.apache.velocity.runtime.directive.Break
2012-11-27 16:19:56,182 - Loaded System Directive: org.apache.velocity.runtime.directive.Evaluate
2012-11-27 16:19:56,183 - Loaded System Directive: org.apache.velocity.runtime.directive.Literal
2012-11-27 16:19:56,184 - Loaded System Directive: org.apache.velocity.runtime.directive.Macro
2012-11-27 16:19:56,185 - Loaded System Directive: org.apache.velocity.runtime.directive.Parse
2012-11-27 16:19:56,186 - Loaded System Directive: org.apache.velocity.runtime.directive.Include
2012-11-27 16:19:56,187 - Loaded System Directive: org.apache.velocity.runtime.directive.Foreach
2012-11-27 16:19:56,220 - Created '20' parsers.
2012-11-27 16:19:56,226 - Velocimacro : "velocimacro.library" is not set.  Trying default library: VM_global_library.vm
2012-11-27 16:19:56,227 - Could not load resource 'VM_global_library.vm' from ResourceLoader org.apache.velocity.runtime.resource.loader.ClasspathResourceLoader: 
org.apache.velocity.exception.ResourceNotFoundException: ClasspathResourceLoader Error: cannot find resource VM_global_library.vm
	at org.apache.velocity.runtime.resource.loader.ClasspathResourceLoader.getResourceStream(ClasspathResourceLoader.java:131)
	at org.apache.velocity.runtime.resource.loader.ResourceLoader.resourceExists(ResourceLoader.java:224)
	at org.apache.velocity.runtime.resource.ResourceManagerImpl.getLoaderForResource(ResourceManagerImpl.java:641)
	at org.apache.velocity.runtime.resource.ResourceManagerImpl.getLoaderNameForResource(ResourceManagerImpl.java:624)
	at org.apache.velocity.runtime.RuntimeInstance.getLoaderNameForResource(RuntimeInstance.java:1464)
	at org.apache.velocity.runtime.VelocimacroFactory.initVelocimacro(VelocimacroFactory.java:159)
	at org.apache.velocity.runtime.RuntimeInstance.init(RuntimeInstance.java:261)
	at org.apache.velocity.app.VelocityEngine.init(VelocityEngine.java:107)
	at ousl.group4.email.service.impl.MailSenderImpl.send(MailSenderImpl.java:244)
	at ousl.group4.test.TestNotificationApi.main(TestNotificationApi.java:71)
	at sun.reflect.NativeMethodAccessorImpl.invoke0(Native Method)
	at sun.reflect.NativeMethodAccessorImpl.invoke(NativeMethodAccessorImpl.java:39)
	at sun.reflect.DelegatingMethodAccessorImpl.invoke(DelegatingMethodAccessorImpl.java:25)
	at java.lang.reflect.Method.invoke(Method.java:597)
	at com.intellij.rt.execution.application.AppMain.main(AppMain.java:120)
2012-11-27 16:19:56,229 - Velocimacro : Default library not found.
2012-11-27 16:19:56,229 - Velocimacro : allowInline = true : VMs can be defined inline in templates
2012-11-27 16:19:56,229 - Velocimacro : allowInlineToOverride = false : VMs defined inline may NOT replace previous VM definitions
2012-11-27 16:19:56,229 - Velocimacro : allowInlineLocal = false : VMs defined inline will be global in scope if allowed.
2012-11-27 16:19:56,229 - Velocimacro : autoload off : VM system will not automatically reload global library macros
2012-11-27 16:19:56,244 - ResourceManager : found /test.vm with loader org.apache.velocity.runtime.resource.loader.ClasspathResourceLoader
2012-11-27 17:08:24,147 - Log4JLogChute initialized using file 'velocity.log'
2012-11-27 17:08:24,165 - Starting Apache Velocity v1.6.2 (compiled: 2009-02-19 16:29:46)
2012-11-27 17:08:24,165 - Default Properties File: org/apache/velocity/runtime/defaults/velocity.properties
2012-11-27 17:08:24,165 - Trying to use logger class org.apache.velocity.runtime.log.AvalonLogChute
2012-11-27 17:08:24,165 - Target log system for org.apache.velocity.runtime.log.AvalonLogChute is not available (java.lang.NoClassDefFoundError: org/apache/log/format/Formatter).  Falling back to next log system...
2012-11-27 17:08:24,165 - Trying to use logger class org.apache.velocity.runtime.log.Log4JLogChute
2012-11-27 17:08:24,165 - Using logger class org.apache.velocity.runtime.log.Log4JLogChute
2012-11-27 17:08:24,169 - ResourceLoader instantiated: org.apache.velocity.runtime.resource.loader.ClasspathResourceLoader
2012-11-27 17:08:24,190 - ResourceCache: initialized (class org.apache.velocity.runtime.resource.ResourceCacheImpl) with class java.util.Collections$SynchronizedMap cache map.
2012-11-27 17:08:24,192 - Loaded System Directive: org.apache.velocity.runtime.directive.Define
2012-11-27 17:08:24,192 - Loaded System Directive: org.apache.velocity.runtime.directive.Break
2012-11-27 17:08:24,193 - Loaded System Directive: org.apache.velocity.runtime.directive.Evaluate
2012-11-27 17:08:24,194 - Loaded System Directive: org.apache.velocity.runtime.directive.Literal
2012-11-27 17:08:24,195 - Loaded System Directive: org.apache.velocity.runtime.directive.Macro
2012-11-27 17:08:24,196 - Loaded System Directive: org.apache.velocity.runtime.directive.Parse
2012-11-27 17:08:24,197 - Loaded System Directive: org.apache.velocity.runtime.directive.Include
2012-11-27 17:08:24,198 - Loaded System Directive: org.apache.velocity.runtime.directive.Foreach
2012-11-27 17:08:24,229 - Created '20' parsers.
2012-11-27 17:08:24,235 - Velocimacro : "velocimacro.library" is not set.  Trying default library: VM_global_library.vm
2012-11-27 17:08:24,236 - Could not load resource 'VM_global_library.vm' from ResourceLoader org.apache.velocity.runtime.resource.loader.ClasspathResourceLoader: 
org.apache.velocity.exception.ResourceNotFoundException: ClasspathResourceLoader Error: cannot find resource VM_global_library.vm
	at org.apache.velocity.runtime.resource.loader.ClasspathResourceLoader.getResourceStream(ClasspathResourceLoader.java:131)
	at org.apache.velocity.runtime.resource.loader.ResourceLoader.resourceExists(ResourceLoader.java:224)
	at org.apache.velocity.runtime.resource.ResourceManagerImpl.getLoaderForResource(ResourceManagerImpl.java:641)
	at org.apache.velocity.runtime.resource.ResourceManagerImpl.getLoaderNameForResource(ResourceManagerImpl.java:624)
	at org.apache.velocity.runtime.RuntimeInstance.getLoaderNameForResource(RuntimeInstance.java:1464)
	at org.apache.velocity.runtime.VelocimacroFactory.initVelocimacro(VelocimacroFactory.java:159)
	at org.apache.velocity.runtime.RuntimeInstance.init(RuntimeInstance.java:261)
	at org.apache.velocity.app.VelocityEngine.init(VelocityEngine.java:107)
	at ousl.group4.email.service.impl.MailSenderImpl.send(MailSenderImpl.java:244)
	at ousl.group4.test.TestNotificationApi.main(TestNotificationApi.java:72)
	at sun.reflect.NativeMethodAccessorImpl.invoke0(Native Method)
	at sun.reflect.NativeMethodAccessorImpl.invoke(NativeMethodAccessorImpl.java:39)
	at sun.reflect.DelegatingMethodAccessorImpl.invoke(DelegatingMethodAccessorImpl.java:25)
	at java.lang.reflect.Method.invoke(Method.java:597)
	at com.intellij.rt.execution.application.AppMain.main(AppMain.java:120)
2012-11-27 17:08:24,238 - Velocimacro : Default library not found.
2012-11-27 17:08:24,238 - Velocimacro : allowInline = true : VMs can be defined inline in templates
2012-11-27 17:08:24,238 - Velocimacro : allowInlineToOverride = false : VMs defined inline may NOT replace previous VM definitions
2012-11-27 17:08:24,238 - Velocimacro : allowInlineLocal = false : VMs defined inline will be global in scope if allowed.
2012-11-27 17:08:24,238 - Velocimacro : autoload off : VM system will not automatically reload global library macros
2012-11-27 17:08:24,255 - ResourceManager : found /test.vm with loader org.apache.velocity.runtime.resource.loader.ClasspathResourceLoader
2012-11-27 17:08:24,257 - Null reference [template '/test.vm', line 10, column 18] : $ousl cannot be resolved.
2012-11-27 17:17:51,105 - Log4JLogChute initialized using file 'velocity.log'
2012-11-27 17:17:51,106 - Starting Apache Velocity v1.6.2 (compiled: 2009-02-19 16:29:46)
2012-11-27 17:17:51,106 - Default Properties File: org/apache/velocity/runtime/defaults/velocity.properties
2012-11-27 17:17:51,106 - Trying to use logger class org.apache.velocity.runtime.log.AvalonLogChute
2012-11-27 17:17:51,106 - Target log system for org.apache.velocity.runtime.log.AvalonLogChute is not available (java.lang.NoClassDefFoundError: org/apache/log/format/Formatter).  Falling back to next log system...
2012-11-27 17:17:51,106 - Trying to use logger class org.apache.velocity.runtime.log.Log4JLogChute
2012-11-27 17:17:51,106 - Using logger class org.apache.velocity.runtime.log.Log4JLogChute
2012-11-27 17:17:51,110 - ResourceLoader instantiated: org.apache.velocity.runtime.resource.loader.ClasspathResourceLoader
2012-11-27 17:17:51,117 - ResourceCache: initialized (class org.apache.velocity.runtime.resource.ResourceCacheImpl) with class java.util.Collections$SynchronizedMap cache map.
2012-11-27 17:17:51,119 - Loaded System Directive: org.apache.velocity.runtime.directive.Define
2012-11-27 17:17:51,119 - Loaded System Directive: org.apache.velocity.runtime.directive.Break
2012-11-27 17:17:51,120 - Loaded System Directive: org.apache.velocity.runtime.directive.Evaluate
2012-11-27 17:17:51,121 - Loaded System Directive: org.apache.velocity.runtime.directive.Literal
2012-11-27 17:17:51,122 - Loaded System Directive: org.apache.velocity.runtime.directive.Macro
2012-11-27 17:17:51,123 - Loaded System Directive: org.apache.velocity.runtime.directive.Parse
2012-11-27 17:17:51,124 - Loaded System Directive: org.apache.velocity.runtime.directive.Include
2012-11-27 17:17:51,125 - Loaded System Directive: org.apache.velocity.runtime.directive.Foreach
2012-11-27 17:17:51,157 - Created '20' parsers.
2012-11-27 17:17:51,163 - Velocimacro : "velocimacro.library" is not set.  Trying default library: VM_global_library.vm
2012-11-27 17:17:51,164 - Could not load resource 'VM_global_library.vm' from ResourceLoader org.apache.velocity.runtime.resource.loader.ClasspathResourceLoader: 
org.apache.velocity.exception.ResourceNotFoundException: ClasspathResourceLoader Error: cannot find resource VM_global_library.vm
	at org.apache.velocity.runtime.resource.loader.ClasspathResourceLoader.getResourceStream(ClasspathResourceLoader.java:131)
	at org.apache.velocity.runtime.resource.loader.ResourceLoader.resourceExists(ResourceLoader.java:224)
	at org.apache.velocity.runtime.resource.ResourceManagerImpl.getLoaderForResource(ResourceManagerImpl.java:641)
	at org.apache.velocity.runtime.resource.ResourceManagerImpl.getLoaderNameForResource(ResourceManagerImpl.java:624)
	at org.apache.velocity.runtime.RuntimeInstance.getLoaderNameForResource(RuntimeInstance.java:1464)
	at org.apache.velocity.runtime.VelocimacroFactory.initVelocimacro(VelocimacroFactory.java:159)
	at org.apache.velocity.runtime.RuntimeInstance.init(RuntimeInstance.java:261)
	at org.apache.velocity.app.VelocityEngine.init(VelocityEngine.java:107)
	at ousl.group4.email.service.impl.MailSenderImpl.send(MailSenderImpl.java:244)
	at ousl.group4.test.TestNotificationApi.main(TestNotificationApi.java:72)
	at sun.reflect.NativeMethodAccessorImpl.invoke0(Native Method)
	at sun.reflect.NativeMethodAccessorImpl.invoke(NativeMethodAccessorImpl.java:39)
	at sun.reflect.DelegatingMethodAccessorImpl.invoke(DelegatingMethodAccessorImpl.java:25)
	at java.lang.reflect.Method.invoke(Method.java:597)
	at com.intellij.rt.execution.application.AppMain.main(AppMain.java:120)
2012-11-27 17:17:51,166 - Velocimacro : Default library not found.
2012-11-27 17:17:51,166 - Velocimacro : allowInline = true : VMs can be defined inline in templates
2012-11-27 17:17:51,166 - Velocimacro : allowInlineToOverride = false : VMs defined inline may NOT replace previous VM definitions
2012-11-27 17:17:51,166 - Velocimacro : allowInlineLocal = false : VMs defined inline will be global in scope if allowed.
2012-11-27 17:17:51,166 - Velocimacro : autoload off : VM system will not automatically reload global library macros
2012-11-27 17:17:51,181 - ResourceManager : found /test.vm with loader org.apache.velocity.runtime.resource.loader.ClasspathResourceLoader
2012-11-27 18:52:52,079 - Log4JLogChute initialized using file 'velocity.log'
2012-11-27 18:52:52,080 - Starting Apache Velocity v1.6.2 (compiled: 2009-02-19 16:29:46)
2012-11-27 18:52:52,080 - Default Properties File: org/apache/velocity/runtime/defaults/velocity.properties
2012-11-27 18:52:52,080 - Trying to use logger class org.apache.velocity.runtime.log.AvalonLogChute
2012-11-27 18:52:52,080 - Target log system for org.apache.velocity.runtime.log.AvalonLogChute is not available (java.lang.NoClassDefFoundError: org/apache/log/format/Formatter).  Falling back to next log system...
2012-11-27 18:52:52,080 - Trying to use logger class org.apache.velocity.runtime.log.Log4JLogChute
2012-11-27 18:52:52,080 - Using logger class org.apache.velocity.runtime.log.Log4JLogChute
2012-11-27 18:52:52,085 - ResourceLoader instantiated: org.apache.velocity.runtime.resource.loader.ClasspathResourceLoader
2012-11-27 18:52:52,093 - ResourceCache: initialized (class org.apache.velocity.runtime.resource.ResourceCacheImpl) with class java.util.Collections$SynchronizedMap cache map.
2012-11-27 18:52:52,095 - Loaded System Directive: org.apache.velocity.runtime.directive.Define
2012-11-27 18:52:52,096 - Loaded System Directive: org.apache.velocity.runtime.directive.Break
2012-11-27 18:52:52,097 - Loaded System Directive: org.apache.velocity.runtime.directive.Evaluate
2012-11-27 18:52:52,097 - Loaded System Directive: org.apache.velocity.runtime.directive.Literal
2012-11-27 18:52:52,098 - Loaded System Directive: org.apache.velocity.runtime.directive.Macro
2012-11-27 18:52:52,100 - Loaded System Directive: org.apache.velocity.runtime.directive.Parse
2012-11-27 18:52:52,101 - Loaded System Directive: org.apache.velocity.runtime.directive.Include
2012-11-27 18:52:52,102 - Loaded System Directive: org.apache.velocity.runtime.directive.Foreach
2012-11-27 18:52:52,135 - Created '20' parsers.
2012-11-27 18:52:52,141 - Velocimacro : "velocimacro.library" is not set.  Trying default library: VM_global_library.vm
2012-11-27 18:52:52,142 - Could not load resource 'VM_global_library.vm' from ResourceLoader org.apache.velocity.runtime.resource.loader.ClasspathResourceLoader: 
org.apache.velocity.exception.ResourceNotFoundException: ClasspathResourceLoader Error: cannot find resource VM_global_library.vm
	at org.apache.velocity.runtime.resource.loader.ClasspathResourceLoader.getResourceStream(ClasspathResourceLoader.java:131)
	at org.apache.velocity.runtime.resource.loader.ResourceLoader.resourceExists(ResourceLoader.java:224)
	at org.apache.velocity.runtime.resource.ResourceManagerImpl.getLoaderForResource(ResourceManagerImpl.java:641)
	at org.apache.velocity.runtime.resource.ResourceManagerImpl.getLoaderNameForResource(ResourceManagerImpl.java:624)
	at org.apache.velocity.runtime.RuntimeInstance.getLoaderNameForResource(RuntimeInstance.java:1464)
	at org.apache.velocity.runtime.VelocimacroFactory.initVelocimacro(VelocimacroFactory.java:159)
	at org.apache.velocity.runtime.RuntimeInstance.init(RuntimeInstance.java:261)
	at org.apache.velocity.app.VelocityEngine.init(VelocityEngine.java:107)
	at ousl.group4.email.service.impl.MailSenderImpl.send(MailSenderImpl.java:244)
	at ousl.group4.test.TestNotificationApi.main(TestNotificationApi.java:72)
	at sun.reflect.NativeMethodAccessorImpl.invoke0(Native Method)
	at sun.reflect.NativeMethodAccessorImpl.invoke(NativeMethodAccessorImpl.java:39)
	at sun.reflect.DelegatingMethodAccessorImpl.invoke(DelegatingMethodAccessorImpl.java:25)
	at java.lang.reflect.Method.invoke(Method.java:597)
	at com.intellij.rt.execution.application.AppMain.main(AppMain.java:120)
2012-11-27 18:52:52,143 - Velocimacro : Default library not found.
2012-11-27 18:52:52,144 - Velocimacro : allowInline = true : VMs can be defined inline in templates
2012-11-27 18:52:52,144 - Velocimacro : allowInlineToOverride = false : VMs defined inline may NOT replace previous VM definitions
2012-11-27 18:52:52,144 - Velocimacro : allowInlineLocal = false : VMs defined inline will be global in scope if allowed.
2012-11-27 18:52:52,144 - Velocimacro : autoload off : VM system will not automatically reload global library macros
2012-11-27 18:52:52,158 - ResourceManager : found /test.vm with loader org.apache.velocity.runtime.resource.loader.ClasspathResourceLoader
2012-11-27 18:58:27,906 - Log4JLogChute initialized using file 'velocity.log'
2012-11-27 18:58:27,906 - Starting Apache Velocity v1.6.2 (compiled: 2009-02-19 16:29:46)
2012-11-27 18:58:27,906 - Default Properties File: org/apache/velocity/runtime/defaults/velocity.properties
2012-11-27 18:58:27,906 - Trying to use logger class org.apache.velocity.runtime.log.AvalonLogChute
2012-11-27 18:58:27,906 - Target log system for org.apache.velocity.runtime.log.AvalonLogChute is not available (java.lang.NoClassDefFoundError: org/apache/log/format/Formatter).  Falling back to next log system...
2012-11-27 18:58:27,906 - Trying to use logger class org.apache.velocity.runtime.log.Log4JLogChute
2012-11-27 18:58:27,906 - Using logger class org.apache.velocity.runtime.log.Log4JLogChute
2012-11-27 18:58:27,910 - ResourceLoader instantiated: org.apache.velocity.runtime.resource.loader.ClasspathResourceLoader
2012-11-27 18:58:27,917 - ResourceCache: initialized (class org.apache.velocity.runtime.resource.ResourceCacheImpl) with class java.util.Collections$SynchronizedMap cache map.
2012-11-27 18:58:27,919 - Loaded System Directive: org.apache.velocity.runtime.directive.Define
2012-11-27 18:58:27,919 - Loaded System Directive: org.apache.velocity.runtime.directive.Break
2012-11-27 18:58:27,920 - Loaded System Directive: org.apache.velocity.runtime.directive.Evaluate
2012-11-27 18:58:27,921 - Loaded System Directive: org.apache.velocity.runtime.directive.Literal
2012-11-27 18:58:27,922 - Loaded System Directive: org.apache.velocity.runtime.directive.Macro
2012-11-27 18:58:27,923 - Loaded System Directive: org.apache.velocity.runtime.directive.Parse
2012-11-27 18:58:27,924 - Loaded System Directive: org.apache.velocity.runtime.directive.Include
2012-11-27 18:58:27,925 - Loaded System Directive: org.apache.velocity.runtime.directive.Foreach
2012-11-27 18:58:27,957 - Created '20' parsers.
2012-11-27 18:58:27,963 - Velocimacro : "velocimacro.library" is not set.  Trying default library: VM_global_library.vm
2012-11-27 18:58:27,964 - Could not load resource 'VM_global_library.vm' from ResourceLoader org.apache.velocity.runtime.resource.loader.ClasspathResourceLoader: 
org.apache.velocity.exception.ResourceNotFoundException: ClasspathResourceLoader Error: cannot find resource VM_global_library.vm
	at org.apache.velocity.runtime.resource.loader.ClasspathResourceLoader.getResourceStream(ClasspathResourceLoader.java:131)
	at org.apache.velocity.runtime.resource.loader.ResourceLoader.resourceExists(ResourceLoader.java:224)
	at org.apache.velocity.runtime.resource.ResourceManagerImpl.getLoaderForResource(ResourceManagerImpl.java:641)
	at org.apache.velocity.runtime.resource.ResourceManagerImpl.getLoaderNameForResource(ResourceManagerImpl.java:624)
	at org.apache.velocity.runtime.RuntimeInstance.getLoaderNameForResource(RuntimeInstance.java:1464)
	at org.apache.velocity.runtime.VelocimacroFactory.initVelocimacro(VelocimacroFactory.java:159)
	at org.apache.velocity.runtime.RuntimeInstance.init(RuntimeInstance.java:261)
	at org.apache.velocity.app.VelocityEngine.init(VelocityEngine.java:107)
	at ousl.group4.email.service.impl.MailSenderImpl.send(MailSenderImpl.java:244)
	at ousl.group4.test.TestNotificationApi.main(TestNotificationApi.java:72)
	at sun.reflect.NativeMethodAccessorImpl.invoke0(Native Method)
	at sun.reflect.NativeMethodAccessorImpl.invoke(NativeMethodAccessorImpl.java:39)
	at sun.reflect.DelegatingMethodAccessorImpl.invoke(DelegatingMethodAccessorImpl.java:25)
	at java.lang.reflect.Method.invoke(Method.java:597)
	at com.intellij.rt.execution.application.AppMain.main(AppMain.java:120)
2012-11-27 18:58:27,965 - Velocimacro : Default library not found.
2012-11-27 18:58:27,965 - Velocimacro : allowInline = true : VMs can be defined inline in templates
2012-11-27 18:58:27,965 - Velocimacro : allowInlineToOverride = false : VMs defined inline may NOT replace previous VM definitions
2012-11-27 18:58:27,965 - Velocimacro : allowInlineLocal = false : VMs defined inline will be global in scope if allowed.
2012-11-27 18:58:27,965 - Velocimacro : autoload off : VM system will not automatically reload global library macros
2012-11-27 18:58:27,981 - ResourceManager : found /test.vm with loader org.apache.velocity.runtime.resource.loader.ClasspathResourceLoader
2012-11-27 19:22:07,103 - Log4JLogChute initialized using file 'velocity.log'
2012-11-27 19:22:07,104 - Starting Apache Velocity v1.6.2 (compiled: 2009-02-19 16:29:46)
2012-11-27 19:22:07,104 - Default Properties File: org/apache/velocity/runtime/defaults/velocity.properties
2012-11-27 19:22:07,104 - Trying to use logger class org.apache.velocity.runtime.log.AvalonLogChute
2012-11-27 19:22:07,104 - Target log system for org.apache.velocity.runtime.log.AvalonLogChute is not available (java.lang.NoClassDefFoundError: org/apache/log/format/Formatter).  Falling back to next log system...
2012-11-27 19:22:07,104 - Trying to use logger class org.apache.velocity.runtime.log.Log4JLogChute
2012-11-27 19:22:07,104 - Using logger class org.apache.velocity.runtime.log.Log4JLogChute
2012-11-27 19:22:07,108 - ResourceLoader instantiated: org.apache.velocity.runtime.resource.loader.ClasspathResourceLoader
2012-11-27 19:22:07,116 - ResourceCache: initialized (class org.apache.velocity.runtime.resource.ResourceCacheImpl) with class java.util.Collections$SynchronizedMap cache map.
2012-11-27 19:22:07,117 - Loaded System Directive: org.apache.velocity.runtime.directive.Define
2012-11-27 19:22:07,118 - Loaded System Directive: org.apache.velocity.runtime.directive.Break
2012-11-27 19:22:07,118 - Loaded System Directive: org.apache.velocity.runtime.directive.Evaluate
2012-11-27 19:22:07,119 - Loaded System Directive: org.apache.velocity.runtime.directive.Literal
2012-11-27 19:22:07,120 - Loaded System Directive: org.apache.velocity.runtime.directive.Macro
2012-11-27 19:22:07,121 - Loaded System Directive: org.apache.velocity.runtime.directive.Parse
2012-11-27 19:22:07,123 - Loaded System Directive: org.apache.velocity.runtime.directive.Include
2012-11-27 19:22:07,124 - Loaded System Directive: org.apache.velocity.runtime.directive.Foreach
2012-11-27 19:22:07,157 - Created '20' parsers.
2012-11-27 19:22:07,163 - Velocimacro : "velocimacro.library" is not set.  Trying default library: VM_global_library.vm
2012-11-27 19:22:07,164 - Could not load resource 'VM_global_library.vm' from ResourceLoader org.apache.velocity.runtime.resource.loader.ClasspathResourceLoader: 
org.apache.velocity.exception.ResourceNotFoundException: ClasspathResourceLoader Error: cannot find resource VM_global_library.vm
	at org.apache.velocity.runtime.resource.loader.ClasspathResourceLoader.getResourceStream(ClasspathResourceLoader.java:131)
	at org.apache.velocity.runtime.resource.loader.ResourceLoader.resourceExists(ResourceLoader.java:224)
	at org.apache.velocity.runtime.resource.ResourceManagerImpl.getLoaderForResource(ResourceManagerImpl.java:641)
	at org.apache.velocity.runtime.resource.ResourceManagerImpl.getLoaderNameForResource(ResourceManagerImpl.java:624)
	at org.apache.velocity.runtime.RuntimeInstance.getLoaderNameForResource(RuntimeInstance.java:1464)
	at org.apache.velocity.runtime.VelocimacroFactory.initVelocimacro(VelocimacroFactory.java:159)
	at org.apache.velocity.runtime.RuntimeInstance.init(RuntimeInstance.java:261)
	at org.apache.velocity.app.VelocityEngine.init(VelocityEngine.java:107)
	at ousl.group4.email.service.impl.MailSenderImpl.send(MailSenderImpl.java:244)
	at ousl.group4.test.TestNotificationApi.main(TestNotificationApi.java:72)
	at sun.reflect.NativeMethodAccessorImpl.invoke0(Native Method)
	at sun.reflect.NativeMethodAccessorImpl.invoke(NativeMethodAccessorImpl.java:39)
	at sun.reflect.DelegatingMethodAccessorImpl.invoke(DelegatingMethodAccessorImpl.java:25)
	at java.lang.reflect.Method.invoke(Method.java:597)
	at com.intellij.rt.execution.application.AppMain.main(AppMain.java:120)
2012-11-27 19:22:07,166 - Velocimacro : Default library not found.
2012-11-27 19:22:07,167 - Velocimacro : allowInline = true : VMs can be defined inline in templates
2012-11-27 19:22:07,167 - Velocimacro : allowInlineToOverride = false : VMs defined inline may NOT replace previous VM definitions
2012-11-27 19:22:07,167 - Velocimacro : allowInlineLocal = false : VMs defined inline will be global in scope if allowed.
2012-11-27 19:22:07,167 - Velocimacro : autoload off : VM system will not automatically reload global library macros
2012-11-27 19:22:07,182 - ResourceManager : found /test.vm with loader org.apache.velocity.runtime.resource.loader.ClasspathResourceLoader
2012-11-27 19:33:58,958 - Log4JLogChute initialized using file 'velocity.log'
2012-11-27 19:33:58,959 - Starting Apache Velocity v1.6.2 (compiled: 2009-02-19 16:29:46)
2012-11-27 19:33:58,959 - Default Properties File: org/apache/velocity/runtime/defaults/velocity.properties
2012-11-27 19:33:58,959 - Trying to use logger class org.apache.velocity.runtime.log.AvalonLogChute
2012-11-27 19:33:58,959 - Target log system for org.apache.velocity.runtime.log.AvalonLogChute is not available (java.lang.NoClassDefFoundError: org/apache/log/format/Formatter).  Falling back to next log system...
2012-11-27 19:33:58,959 - Trying to use logger class org.apache.velocity.runtime.log.Log4JLogChute
2012-11-27 19:33:58,959 - Using logger class org.apache.velocity.runtime.log.Log4JLogChute
2012-11-27 19:33:58,964 - ResourceLoader instantiated: org.apache.velocity.runtime.resource.loader.ClasspathResourceLoader
2012-11-27 19:33:58,972 - ResourceCache: initialized (class org.apache.velocity.runtime.resource.ResourceCacheImpl) with class java.util.Collections$SynchronizedMap cache map.
2012-11-27 19:33:58,973 - Loaded System Directive: org.apache.velocity.runtime.directive.Define
2012-11-27 19:33:58,974 - Loaded System Directive: org.apache.velocity.runtime.directive.Break
2012-11-27 19:33:58,975 - Loaded System Directive: org.apache.velocity.runtime.directive.Evaluate
2012-11-27 19:33:58,975 - Loaded System Directive: org.apache.velocity.runtime.directive.Literal
2012-11-27 19:33:58,976 - Loaded System Directive: org.apache.velocity.runtime.directive.Macro
2012-11-27 19:33:58,978 - Loaded System Directive: org.apache.velocity.runtime.directive.Parse
2012-11-27 19:33:58,979 - Loaded System Directive: org.apache.velocity.runtime.directive.Include
2012-11-27 19:33:58,980 - Loaded System Directive: org.apache.velocity.runtime.directive.Foreach
2012-11-27 19:33:59,011 - Created '20' parsers.
2012-11-27 19:33:59,017 - Velocimacro : "velocimacro.library" is not set.  Trying default library: VM_global_library.vm
2012-11-27 19:33:59,018 - Could not load resource 'VM_global_library.vm' from ResourceLoader org.apache.velocity.runtime.resource.loader.ClasspathResourceLoader: 
org.apache.velocity.exception.ResourceNotFoundException: ClasspathResourceLoader Error: cannot find resource VM_global_library.vm
	at org.apache.velocity.runtime.resource.loader.ClasspathResourceLoader.getResourceStream(ClasspathResourceLoader.java:131)
	at org.apache.velocity.runtime.resource.loader.ResourceLoader.resourceExists(ResourceLoader.java:224)
	at org.apache.velocity.runtime.resource.ResourceManagerImpl.getLoaderForResource(ResourceManagerImpl.java:641)
	at org.apache.velocity.runtime.resource.ResourceManagerImpl.getLoaderNameForResource(ResourceManagerImpl.java:624)
	at org.apache.velocity.runtime.RuntimeInstance.getLoaderNameForResource(RuntimeInstance.java:1464)
	at org.apache.velocity.runtime.VelocimacroFactory.initVelocimacro(VelocimacroFactory.java:159)
	at org.apache.velocity.runtime.RuntimeInstance.init(RuntimeInstance.java:261)
	at org.apache.velocity.app.VelocityEngine.init(VelocityEngine.java:107)
	at ousl.group4.email.service.impl.MailSenderImpl.send(MailSenderImpl.java:244)
	at ousl.group4.test.TestNotificationApi.main(TestNotificationApi.java:72)
	at sun.reflect.NativeMethodAccessorImpl.invoke0(Native Method)
	at sun.reflect.NativeMethodAccessorImpl.invoke(NativeMethodAccessorImpl.java:39)
	at sun.reflect.DelegatingMethodAccessorImpl.invoke(DelegatingMethodAccessorImpl.java:25)
	at java.lang.reflect.Method.invoke(Method.java:597)
	at com.intellij.rt.execution.application.AppMain.main(AppMain.java:120)
2012-11-27 19:33:59,020 - Velocimacro : Default library not found.
2012-11-27 19:33:59,020 - Velocimacro : allowInline = true : VMs can be defined inline in templates
2012-11-27 19:33:59,020 - Velocimacro : allowInlineToOverride = false : VMs defined inline may NOT replace previous VM definitions
2012-11-27 19:33:59,020 - Velocimacro : allowInlineLocal = false : VMs defined inline will be global in scope if allowed.
2012-11-27 19:33:59,020 - Velocimacro : autoload off : VM system will not automatically reload global library macros
2012-11-27 19:33:59,035 - ResourceManager : found /test.vm with loader org.apache.velocity.runtime.resource.loader.ClasspathResourceLoader
2012-11-27 19:39:31,342 - Log4JLogChute initialized using file 'velocity.log'
2012-11-27 19:39:31,343 - Starting Apache Velocity v1.6.2 (compiled: 2009-02-19 16:29:46)
2012-11-27 19:39:31,343 - Default Properties File: org/apache/velocity/runtime/defaults/velocity.properties
2012-11-27 19:39:31,343 - Trying to use logger class org.apache.velocity.runtime.log.AvalonLogChute
2012-11-27 19:39:31,343 - Target log system for org.apache.velocity.runtime.log.AvalonLogChute is not available (java.lang.NoClassDefFoundError: org/apache/log/format/Formatter).  Falling back to next log system...
2012-11-27 19:39:31,343 - Trying to use logger class org.apache.velocity.runtime.log.Log4JLogChute
2012-11-27 19:39:31,343 - Using logger class org.apache.velocity.runtime.log.Log4JLogChute
2012-11-27 19:39:31,348 - ResourceLoader instantiated: org.apache.velocity.runtime.resource.loader.ClasspathResourceLoader
2012-11-27 19:39:31,355 - ResourceCache: initialized (class org.apache.velocity.runtime.resource.ResourceCacheImpl) with class java.util.Collections$SynchronizedMap cache map.
2012-11-27 19:39:31,357 - Loaded System Directive: org.apache.velocity.runtime.directive.Define
2012-11-27 19:39:31,358 - Loaded System Directive: org.apache.velocity.runtime.directive.Break
2012-11-27 19:39:31,359 - Loaded System Directive: org.apache.velocity.runtime.directive.Evaluate
2012-11-27 19:39:31,359 - Loaded System Directive: org.apache.velocity.runtime.directive.Literal
2012-11-27 19:39:31,360 - Loaded System Directive: org.apache.velocity.runtime.directive.Macro
2012-11-27 19:39:31,362 - Loaded System Directive: org.apache.velocity.runtime.directive.Parse
2012-11-27 19:39:31,363 - Loaded System Directive: org.apache.velocity.runtime.directive.Include
2012-11-27 19:39:31,364 - Loaded System Directive: org.apache.velocity.runtime.directive.Foreach
2012-11-27 19:39:31,396 - Created '20' parsers.
2012-11-27 19:39:31,403 - Velocimacro : "velocimacro.library" is not set.  Trying default library: VM_global_library.vm
2012-11-27 19:39:31,404 - Could not load resource 'VM_global_library.vm' from ResourceLoader org.apache.velocity.runtime.resource.loader.ClasspathResourceLoader: 
org.apache.velocity.exception.ResourceNotFoundException: ClasspathResourceLoader Error: cannot find resource VM_global_library.vm
	at org.apache.velocity.runtime.resource.loader.ClasspathResourceLoader.getResourceStream(ClasspathResourceLoader.java:131)
	at org.apache.velocity.runtime.resource.loader.ResourceLoader.resourceExists(ResourceLoader.java:224)
	at org.apache.velocity.runtime.resource.ResourceManagerImpl.getLoaderForResource(ResourceManagerImpl.java:641)
	at org.apache.velocity.runtime.resource.ResourceManagerImpl.getLoaderNameForResource(ResourceManagerImpl.java:624)
	at org.apache.velocity.runtime.RuntimeInstance.getLoaderNameForResource(RuntimeInstance.java:1464)
	at org.apache.velocity.runtime.VelocimacroFactory.initVelocimacro(VelocimacroFactory.java:159)
	at org.apache.velocity.runtime.RuntimeInstance.init(RuntimeInstance.java:261)
	at org.apache.velocity.app.VelocityEngine.init(VelocityEngine.java:107)
	at ousl.group4.email.service.impl.MailSenderImpl.send(MailSenderImpl.java:244)
	at ousl.group4.test.TestNotificationApi.main(TestNotificationApi.java:72)
	at sun.reflect.NativeMethodAccessorImpl.invoke0(Native Method)
	at sun.reflect.NativeMethodAccessorImpl.invoke(NativeMethodAccessorImpl.java:39)
	at sun.reflect.DelegatingMethodAccessorImpl.invoke(DelegatingMethodAccessorImpl.java:25)
	at java.lang.reflect.Method.invoke(Method.java:597)
	at com.intellij.rt.execution.application.AppMain.main(AppMain.java:120)
2012-11-27 19:39:31,405 - Velocimacro : Default library not found.
2012-11-27 19:39:31,405 - Velocimacro : allowInline = true : VMs can be defined inline in templates
2012-11-27 19:39:31,405 - Velocimacro : allowInlineToOverride = false : VMs defined inline may NOT replace previous VM definitions
2012-11-27 19:39:31,405 - Velocimacro : allowInlineLocal = false : VMs defined inline will be global in scope if allowed.
2012-11-27 19:39:31,405 - Velocimacro : autoload off : VM system will not automatically reload global library macros
2012-11-27 19:39:31,420 - ResourceManager : found /test.vm with loader org.apache.velocity.runtime.resource.loader.ClasspathResourceLoader
2012-11-27 19:42:01,236 - Log4JLogChute initialized using file 'velocity.log'
2012-11-27 19:42:01,237 - Starting Apache Velocity v1.6.2 (compiled: 2009-02-19 16:29:46)
2012-11-27 19:42:01,237 - Default Properties File: org/apache/velocity/runtime/defaults/velocity.properties
2012-11-27 19:42:01,237 - Trying to use logger class org.apache.velocity.runtime.log.AvalonLogChute
2012-11-27 19:42:01,237 - Target log system for org.apache.velocity.runtime.log.AvalonLogChute is not available (java.lang.NoClassDefFoundError: org/apache/log/format/Formatter).  Falling back to next log system...
2012-11-27 19:42:01,237 - Trying to use logger class org.apache.velocity.runtime.log.Log4JLogChute
2012-11-27 19:42:01,237 - Using logger class org.apache.velocity.runtime.log.Log4JLogChute
2012-11-27 19:42:01,241 - ResourceLoader instantiated: org.apache.velocity.runtime.resource.loader.ClasspathResourceLoader
2012-11-27 19:42:01,248 - ResourceCache: initialized (class org.apache.velocity.runtime.resource.ResourceCacheImpl) with class java.util.Collections$SynchronizedMap cache map.
2012-11-27 19:42:01,250 - Loaded System Directive: org.apache.velocity.runtime.directive.Define
2012-11-27 19:42:01,250 - Loaded System Directive: org.apache.velocity.runtime.directive.Break
2012-11-27 19:42:01,251 - Loaded System Directive: org.apache.velocity.runtime.directive.Evaluate
2012-11-27 19:42:01,252 - Loaded System Directive: org.apache.velocity.runtime.directive.Literal
2012-11-27 19:42:01,253 - Loaded System Directive: org.apache.velocity.runtime.directive.Macro
2012-11-27 19:42:01,254 - Loaded System Directive: org.apache.velocity.runtime.directive.Parse
2012-11-27 19:42:01,255 - Loaded System Directive: org.apache.velocity.runtime.directive.Include
2012-11-27 19:42:01,256 - Loaded System Directive: org.apache.velocity.runtime.directive.Foreach
2012-11-27 19:42:01,288 - Created '20' parsers.
2012-11-27 19:42:01,294 - Velocimacro : "velocimacro.library" is not set.  Trying default library: VM_global_library.vm
2012-11-27 19:42:01,295 - Could not load resource 'VM_global_library.vm' from ResourceLoader org.apache.velocity.runtime.resource.loader.ClasspathResourceLoader: 
org.apache.velocity.exception.ResourceNotFoundException: ClasspathResourceLoader Error: cannot find resource VM_global_library.vm
	at org.apache.velocity.runtime.resource.loader.ClasspathResourceLoader.getResourceStream(ClasspathResourceLoader.java:131)
	at org.apache.velocity.runtime.resource.loader.ResourceLoader.resourceExists(ResourceLoader.java:224)
	at org.apache.velocity.runtime.resource.ResourceManagerImpl.getLoaderForResource(ResourceManagerImpl.java:641)
	at org.apache.velocity.runtime.resource.ResourceManagerImpl.getLoaderNameForResource(ResourceManagerImpl.java:624)
	at org.apache.velocity.runtime.RuntimeInstance.getLoaderNameForResource(RuntimeInstance.java:1464)
	at org.apache.velocity.runtime.VelocimacroFactory.initVelocimacro(VelocimacroFactory.java:159)
	at org.apache.velocity.runtime.RuntimeInstance.init(RuntimeInstance.java:261)
	at org.apache.velocity.app.VelocityEngine.init(VelocityEngine.java:107)
	at ousl.group4.email.service.impl.MailSenderImpl.send(MailSenderImpl.java:244)
	at ousl.group4.test.TestNotificationApi.main(TestNotificationApi.java:72)
	at sun.reflect.NativeMethodAccessorImpl.invoke0(Native Method)
	at sun.reflect.NativeMethodAccessorImpl.invoke(NativeMethodAccessorImpl.java:39)
	at sun.reflect.DelegatingMethodAccessorImpl.invoke(DelegatingMethodAccessorImpl.java:25)
	at java.lang.reflect.Method.invoke(Method.java:597)
	at com.intellij.rt.execution.application.AppMain.main(AppMain.java:120)
2012-11-27 19:42:01,297 - Velocimacro : Default library not found.
2012-11-27 19:42:01,297 - Velocimacro : allowInline = true : VMs can be defined inline in templates
2012-11-27 19:42:01,297 - Velocimacro : allowInlineToOverride = false : VMs defined inline may NOT replace previous VM definitions
2012-11-27 19:42:01,297 - Velocimacro : allowInlineLocal = false : VMs defined inline will be global in scope if allowed.
2012-11-27 19:42:01,297 - Velocimacro : autoload off : VM system will not automatically reload global library macros
2012-11-27 19:42:01,311 - ResourceManager : found /test.vm with loader org.apache.velocity.runtime.resource.loader.ClasspathResourceLoader
2012-11-27 20:17:45,553 - Log4JLogChute initialized using file 'velocity.log'
2012-11-27 20:17:45,553 - Starting Apache Velocity v1.6.2 (compiled: 2009-02-19 16:29:46)
2012-11-27 20:17:45,553 - Default Properties File: org/apache/velocity/runtime/defaults/velocity.properties
2012-11-27 20:17:45,553 - Trying to use logger class org.apache.velocity.runtime.log.AvalonLogChute
2012-11-27 20:17:45,554 - Target log system for org.apache.velocity.runtime.log.AvalonLogChute is not available (java.lang.NoClassDefFoundError: org/apache/log/format/Formatter).  Falling back to next log system...
2012-11-27 20:17:45,554 - Trying to use logger class org.apache.velocity.runtime.log.Log4JLogChute
2012-11-27 20:17:45,554 - Using logger class org.apache.velocity.runtime.log.Log4JLogChute
2012-11-27 20:17:45,558 - ResourceLoader instantiated: org.apache.velocity.runtime.resource.loader.ClasspathResourceLoader
2012-11-27 20:17:45,567 - ResourceCache: initialized (class org.apache.velocity.runtime.resource.ResourceCacheImpl) with class java.util.Collections$SynchronizedMap cache map.
2012-11-27 20:17:45,569 - Loaded System Directive: org.apache.velocity.runtime.directive.Define
2012-11-27 20:17:45,569 - Loaded System Directive: org.apache.velocity.runtime.directive.Break
2012-11-27 20:17:45,570 - Loaded System Directive: org.apache.velocity.runtime.directive.Evaluate
2012-11-27 20:17:45,571 - Loaded System Directive: org.apache.velocity.runtime.directive.Literal
2012-11-27 20:17:45,572 - Loaded System Directive: org.apache.velocity.runtime.directive.Macro
2012-11-27 20:17:45,573 - Loaded System Directive: org.apache.velocity.runtime.directive.Parse
2012-11-27 20:17:45,574 - Loaded System Directive: org.apache.velocity.runtime.directive.Include
2012-11-27 20:17:45,575 - Loaded System Directive: org.apache.velocity.runtime.directive.Foreach
2012-11-27 20:17:45,607 - Created '20' parsers.
2012-11-27 20:17:45,613 - Velocimacro : "velocimacro.library" is not set.  Trying default library: VM_global_library.vm
2012-11-27 20:17:45,614 - Could not load resource 'VM_global_library.vm' from ResourceLoader org.apache.velocity.runtime.resource.loader.ClasspathResourceLoader: 
org.apache.velocity.exception.ResourceNotFoundException: ClasspathResourceLoader Error: cannot find resource VM_global_library.vm
	at org.apache.velocity.runtime.resource.loader.ClasspathResourceLoader.getResourceStream(ClasspathResourceLoader.java:131)
	at org.apache.velocity.runtime.resource.loader.ResourceLoader.resourceExists(ResourceLoader.java:224)
	at org.apache.velocity.runtime.resource.ResourceManagerImpl.getLoaderForResource(ResourceManagerImpl.java:641)
	at org.apache.velocity.runtime.resource.ResourceManagerImpl.getLoaderNameForResource(ResourceManagerImpl.java:624)
	at org.apache.velocity.runtime.RuntimeInstance.getLoaderNameForResource(RuntimeInstance.java:1464)
	at org.apache.velocity.runtime.VelocimacroFactory.initVelocimacro(VelocimacroFactory.java:159)
	at org.apache.velocity.runtime.RuntimeInstance.init(RuntimeInstance.java:261)
	at org.apache.velocity.app.VelocityEngine.init(VelocityEngine.java:107)
	at ousl.group4.email.service.impl.MailSenderImpl.send(MailSenderImpl.java:243)
	at ousl.group4.test.TestNotificationApi.main(TestNotificationApi.java:72)
	at sun.reflect.NativeMethodAccessorImpl.invoke0(Native Method)
	at sun.reflect.NativeMethodAccessorImpl.invoke(NativeMethodAccessorImpl.java:39)
	at sun.reflect.DelegatingMethodAccessorImpl.invoke(DelegatingMethodAccessorImpl.java:25)
	at java.lang.reflect.Method.invoke(Method.java:597)
	at com.intellij.rt.execution.application.AppMain.main(AppMain.java:120)
2012-11-27 20:17:45,615 - Velocimacro : Default library not found.
2012-11-27 20:17:45,615 - Velocimacro : allowInline = true : VMs can be defined inline in templates
2012-11-27 20:17:45,615 - Velocimacro : allowInlineToOverride = false : VMs defined inline may NOT replace previous VM definitions
2012-11-27 20:17:45,615 - Velocimacro : allowInlineLocal = false : VMs defined inline will be global in scope if allowed.
2012-11-27 20:17:45,615 - Velocimacro : autoload off : VM system will not automatically reload global library macros
2012-11-27 20:17:45,630 - ResourceManager : found /test.vm with loader org.apache.velocity.runtime.resource.loader.ClasspathResourceLoader
2012-11-27 20:20:04,051 - Log4JLogChute initialized using file 'velocity.log'
2012-11-27 20:20:04,051 - Starting Apache Velocity v1.6.2 (compiled: 2009-02-19 16:29:46)
2012-11-27 20:20:04,051 - Default Properties File: org/apache/velocity/runtime/defaults/velocity.properties
2012-11-27 20:20:04,051 - Trying to use logger class org.apache.velocity.runtime.log.AvalonLogChute
2012-11-27 20:20:04,051 - Target log system for org.apache.velocity.runtime.log.AvalonLogChute is not available (java.lang.NoClassDefFoundError: org/apache/log/format/Formatter).  Falling back to next log system...
2012-11-27 20:20:04,051 - Trying to use logger class org.apache.velocity.runtime.log.Log4JLogChute
2012-11-27 20:20:04,052 - Using logger class org.apache.velocity.runtime.log.Log4JLogChute
2012-11-27 20:20:04,056 - ResourceLoader instantiated: org.apache.velocity.runtime.resource.loader.ClasspathResourceLoader
2012-11-27 20:20:04,064 - ResourceCache: initialized (class org.apache.velocity.runtime.resource.ResourceCacheImpl) with class java.util.Collections$SynchronizedMap cache map.
2012-11-27 20:20:04,065 - Loaded System Directive: org.apache.velocity.runtime.directive.Define
2012-11-27 20:20:04,066 - Loaded System Directive: org.apache.velocity.runtime.directive.Break
2012-11-27 20:20:04,067 - Loaded System Directive: org.apache.velocity.runtime.directive.Evaluate
2012-11-27 20:20:04,067 - Loaded System Directive: org.apache.velocity.runtime.directive.Literal
2012-11-27 20:20:04,069 - Loaded System Directive: org.apache.velocity.runtime.directive.Macro
2012-11-27 20:20:04,070 - Loaded System Directive: org.apache.velocity.runtime.directive.Parse
2012-11-27 20:20:04,071 - Loaded System Directive: org.apache.velocity.runtime.directive.Include
2012-11-27 20:20:04,072 - Loaded System Directive: org.apache.velocity.runtime.directive.Foreach
2012-11-27 20:20:04,104 - Created '20' parsers.
2012-11-27 20:20:04,110 - Velocimacro : "velocimacro.library" is not set.  Trying default library: VM_global_library.vm
2012-11-27 20:20:04,111 - Could not load resource 'VM_global_library.vm' from ResourceLoader org.apache.velocity.runtime.resource.loader.ClasspathResourceLoader: 
org.apache.velocity.exception.ResourceNotFoundException: ClasspathResourceLoader Error: cannot find resource VM_global_library.vm
	at org.apache.velocity.runtime.resource.loader.ClasspathResourceLoader.getResourceStream(ClasspathResourceLoader.java:131)
	at org.apache.velocity.runtime.resource.loader.ResourceLoader.resourceExists(ResourceLoader.java:224)
	at org.apache.velocity.runtime.resource.ResourceManagerImpl.getLoaderForResource(ResourceManagerImpl.java:641)
	at org.apache.velocity.runtime.resource.ResourceManagerImpl.getLoaderNameForResource(ResourceManagerImpl.java:624)
	at org.apache.velocity.runtime.RuntimeInstance.getLoaderNameForResource(RuntimeInstance.java:1464)
	at org.apache.velocity.runtime.VelocimacroFactory.initVelocimacro(VelocimacroFactory.java:159)
	at org.apache.velocity.runtime.RuntimeInstance.init(RuntimeInstance.java:261)
	at org.apache.velocity.app.VelocityEngine.init(VelocityEngine.java:107)
	at ousl.group4.email.service.impl.MailSenderImpl.send(MailSenderImpl.java:243)
	at ousl.group4.test.TestNotificationApi.main(TestNotificationApi.java:72)
	at sun.reflect.NativeMethodAccessorImpl.invoke0(Native Method)
	at sun.reflect.NativeMethodAccessorImpl.invoke(NativeMethodAccessorImpl.java:39)
	at sun.reflect.DelegatingMethodAccessorImpl.invoke(DelegatingMethodAccessorImpl.java:25)
	at java.lang.reflect.Method.invoke(Method.java:597)
	at com.intellij.rt.execution.application.AppMain.main(AppMain.java:120)
2012-11-27 20:20:04,112 - Velocimacro : Default library not found.
2012-11-27 20:20:04,112 - Velocimacro : allowInline = true : VMs can be defined inline in templates
2012-11-27 20:20:04,112 - Velocimacro : allowInlineToOverride = false : VMs defined inline may NOT replace previous VM definitions
2012-11-27 20:20:04,113 - Velocimacro : allowInlineLocal = false : VMs defined inline will be global in scope if allowed.
2012-11-27 20:20:04,113 - Velocimacro : autoload off : VM system will not automatically reload global library macros
2012-11-27 20:20:04,127 - ResourceManager : found /test.vm with loader org.apache.velocity.runtime.resource.loader.ClasspathResourceLoader
2012-11-27 20:23:37,296 - Log4JLogChute initialized using file 'velocity.log'
2012-11-27 20:23:37,297 - Starting Apache Velocity v1.6.2 (compiled: 2009-02-19 16:29:46)
2012-11-27 20:23:37,297 - Default Properties File: org/apache/velocity/runtime/defaults/velocity.properties
2012-11-27 20:23:37,297 - Trying to use logger class org.apache.velocity.runtime.log.AvalonLogChute
2012-11-27 20:23:37,297 - Target log system for org.apache.velocity.runtime.log.AvalonLogChute is not available (java.lang.NoClassDefFoundError: org/apache/log/format/Formatter).  Falling back to next log system...
2012-11-27 20:23:37,297 - Trying to use logger class org.apache.velocity.runtime.log.Log4JLogChute
2012-11-27 20:23:37,297 - Using logger class org.apache.velocity.runtime.log.Log4JLogChute
2012-11-27 20:23:37,301 - ResourceLoader instantiated: org.apache.velocity.runtime.resource.loader.ClasspathResourceLoader
2012-11-27 20:23:37,309 - ResourceCache: initialized (class org.apache.velocity.runtime.resource.ResourceCacheImpl) with class java.util.Collections$SynchronizedMap cache map.
2012-11-27 20:23:37,310 - Loaded System Directive: org.apache.velocity.runtime.directive.Define
2012-11-27 20:23:37,311 - Loaded System Directive: org.apache.velocity.runtime.directive.Break
2012-11-27 20:23:37,312 - Loaded System Directive: org.apache.velocity.runtime.directive.Evaluate
2012-11-27 20:23:37,312 - Loaded System Directive: org.apache.velocity.runtime.directive.Literal
2012-11-27 20:23:37,313 - Loaded System Directive: org.apache.velocity.runtime.directive.Macro
2012-11-27 20:23:37,314 - Loaded System Directive: org.apache.velocity.runtime.directive.Parse
2012-11-27 20:23:37,316 - Loaded System Directive: org.apache.velocity.runtime.directive.Include
2012-11-27 20:23:37,317 - Loaded System Directive: org.apache.velocity.runtime.directive.Foreach
2012-11-27 20:23:37,348 - Created '20' parsers.
2012-11-27 20:23:37,353 - Velocimacro : "velocimacro.library" is not set.  Trying default library: VM_global_library.vm
2012-11-27 20:23:37,355 - Could not load resource 'VM_global_library.vm' from ResourceLoader org.apache.velocity.runtime.resource.loader.ClasspathResourceLoader: 
org.apache.velocity.exception.ResourceNotFoundException: ClasspathResourceLoader Error: cannot find resource VM_global_library.vm
	at org.apache.velocity.runtime.resource.loader.ClasspathResourceLoader.getResourceStream(ClasspathResourceLoader.java:131)
	at org.apache.velocity.runtime.resource.loader.ResourceLoader.resourceExists(ResourceLoader.java:224)
	at org.apache.velocity.runtime.resource.ResourceManagerImpl.getLoaderForResource(ResourceManagerImpl.java:641)
	at org.apache.velocity.runtime.resource.ResourceManagerImpl.getLoaderNameForResource(ResourceManagerImpl.java:624)
	at org.apache.velocity.runtime.RuntimeInstance.getLoaderNameForResource(RuntimeInstance.java:1464)
	at org.apache.velocity.runtime.VelocimacroFactory.initVelocimacro(VelocimacroFactory.java:159)
	at org.apache.velocity.runtime.RuntimeInstance.init(RuntimeInstance.java:261)
	at org.apache.velocity.app.VelocityEngine.init(VelocityEngine.java:107)
	at ousl.group4.email.service.impl.MailSenderImpl.send(MailSenderImpl.java:243)
	at ousl.group4.test.TestNotificationApi.main(TestNotificationApi.java:72)
	at sun.reflect.NativeMethodAccessorImpl.invoke0(Native Method)
	at sun.reflect.NativeMethodAccessorImpl.invoke(NativeMethodAccessorImpl.java:39)
	at sun.reflect.DelegatingMethodAccessorImpl.invoke(DelegatingMethodAccessorImpl.java:25)
	at java.lang.reflect.Method.invoke(Method.java:597)
	at com.intellij.rt.execution.application.AppMain.main(AppMain.java:120)
2012-11-27 20:23:37,357 - Velocimacro : Default library not found.
2012-11-27 20:23:37,357 - Velocimacro : allowInline = true : VMs can be defined inline in templates
2012-11-27 20:23:37,357 - Velocimacro : allowInlineToOverride = false : VMs defined inline may NOT replace previous VM definitions
2012-11-27 20:23:37,357 - Velocimacro : allowInlineLocal = false : VMs defined inline will be global in scope if allowed.
2012-11-27 20:23:37,357 - Velocimacro : autoload off : VM system will not automatically reload global library macros
2012-11-27 20:23:37,371 - ResourceManager : found /test.vm with loader org.apache.velocity.runtime.resource.loader.ClasspathResourceLoader
2012-11-27 20:29:42,469 - Log4JLogChute initialized using file 'velocity.log'
2012-11-27 20:29:42,471 - Starting Apache Velocity v1.6.2 (compiled: 2009-02-19 16:29:46)
2012-11-27 20:29:42,471 - Default Properties File: org/apache/velocity/runtime/defaults/velocity.properties
2012-11-27 20:29:42,471 - Trying to use logger class org.apache.velocity.runtime.log.AvalonLogChute
2012-11-27 20:29:42,471 - Target log system for org.apache.velocity.runtime.log.AvalonLogChute is not available (java.lang.NoClassDefFoundError: org/apache/log/format/Formatter).  Falling back to next log system...
2012-11-27 20:29:42,471 - Trying to use logger class org.apache.velocity.runtime.log.Log4JLogChute
2012-11-27 20:29:42,471 - Using logger class org.apache.velocity.runtime.log.Log4JLogChute
2012-11-27 20:29:42,476 - ResourceLoader instantiated: org.apache.velocity.runtime.resource.loader.ClasspathResourceLoader
2012-11-27 20:29:42,485 - ResourceCache: initialized (class org.apache.velocity.runtime.resource.ResourceCacheImpl) with class java.util.Collections$SynchronizedMap cache map.
2012-11-27 20:29:42,487 - Loaded System Directive: org.apache.velocity.runtime.directive.Define
2012-11-27 20:29:42,487 - Loaded System Directive: org.apache.velocity.runtime.directive.Break
2012-11-27 20:29:42,488 - Loaded System Directive: org.apache.velocity.runtime.directive.Evaluate
2012-11-27 20:29:42,489 - Loaded System Directive: org.apache.velocity.runtime.directive.Literal
2012-11-27 20:29:42,491 - Loaded System Directive: org.apache.velocity.runtime.directive.Macro
2012-11-27 20:29:42,492 - Loaded System Directive: org.apache.velocity.runtime.directive.Parse
2012-11-27 20:29:42,494 - Loaded System Directive: org.apache.velocity.runtime.directive.Include
2012-11-27 20:29:42,496 - Loaded System Directive: org.apache.velocity.runtime.directive.Foreach
2012-11-27 20:29:42,528 - Created '20' parsers.
2012-11-27 20:29:42,534 - Velocimacro : "velocimacro.library" is not set.  Trying default library: VM_global_library.vm
2012-11-27 20:29:42,535 - Could not load resource 'VM_global_library.vm' from ResourceLoader org.apache.velocity.runtime.resource.loader.ClasspathResourceLoader: 
org.apache.velocity.exception.ResourceNotFoundException: ClasspathResourceLoader Error: cannot find resource VM_global_library.vm
	at org.apache.velocity.runtime.resource.loader.ClasspathResourceLoader.getResourceStream(ClasspathResourceLoader.java:131)
	at org.apache.velocity.runtime.resource.loader.ResourceLoader.resourceExists(ResourceLoader.java:224)
	at org.apache.velocity.runtime.resource.ResourceManagerImpl.getLoaderForResource(ResourceManagerImpl.java:641)
	at org.apache.velocity.runtime.resource.ResourceManagerImpl.getLoaderNameForResource(ResourceManagerImpl.java:624)
	at org.apache.velocity.runtime.RuntimeInstance.getLoaderNameForResource(RuntimeInstance.java:1464)
	at org.apache.velocity.runtime.VelocimacroFactory.initVelocimacro(VelocimacroFactory.java:159)
	at org.apache.velocity.runtime.RuntimeInstance.init(RuntimeInstance.java:261)
	at org.apache.velocity.app.VelocityEngine.init(VelocityEngine.java:107)
	at ousl.group4.email.service.impl.MailSenderImpl.send(MailSenderImpl.java:243)
	at ousl.group4.test.TestNotificationApi.main(TestNotificationApi.java:72)
	at sun.reflect.NativeMethodAccessorImpl.invoke0(Native Method)
	at sun.reflect.NativeMethodAccessorImpl.invoke(NativeMethodAccessorImpl.java:39)
	at sun.reflect.DelegatingMethodAccessorImpl.invoke(DelegatingMethodAccessorImpl.java:25)
	at java.lang.reflect.Method.invoke(Method.java:597)
	at com.intellij.rt.execution.application.AppMain.main(AppMain.java:120)
2012-11-27 20:29:42,537 - Velocimacro : Default library not found.
2012-11-27 20:29:42,537 - Velocimacro : allowInline = true : VMs can be defined inline in templates
2012-11-27 20:29:42,537 - Velocimacro : allowInlineToOverride = false : VMs defined inline may NOT replace previous VM definitions
2012-11-27 20:29:42,537 - Velocimacro : allowInlineLocal = false : VMs defined inline will be global in scope if allowed.
2012-11-27 20:29:42,537 - Velocimacro : autoload off : VM system will not automatically reload global library macros
2012-11-27 20:29:42,553 - ResourceManager : found /test.vm with loader org.apache.velocity.runtime.resource.loader.ClasspathResourceLoader
2012-11-27 20:36:23,625 - Log4JLogChute initialized using file 'velocity.log'
2012-11-27 20:36:23,625 - Starting Apache Velocity v1.6.2 (compiled: 2009-02-19 16:29:46)
2012-11-27 20:36:23,626 - Default Properties File: org/apache/velocity/runtime/defaults/velocity.properties
2012-11-27 20:36:23,626 - Trying to use logger class org.apache.velocity.runtime.log.AvalonLogChute
2012-11-27 20:36:23,626 - Target log system for org.apache.velocity.runtime.log.AvalonLogChute is not available (java.lang.NoClassDefFoundError: org/apache/log/format/Formatter).  Falling back to next log system...
2012-11-27 20:36:23,626 - Trying to use logger class org.apache.velocity.runtime.log.Log4JLogChute
2012-11-27 20:36:23,626 - Using logger class org.apache.velocity.runtime.log.Log4JLogChute
2012-11-27 20:36:23,630 - ResourceLoader instantiated: org.apache.velocity.runtime.resource.loader.ClasspathResourceLoader
2012-11-27 20:36:23,638 - ResourceCache: initialized (class org.apache.velocity.runtime.resource.ResourceCacheImpl) with class java.util.Collections$SynchronizedMap cache map.
2012-11-27 20:36:23,640 - Loaded System Directive: org.apache.velocity.runtime.directive.Define
2012-11-27 20:36:23,640 - Loaded System Directive: org.apache.velocity.runtime.directive.Break
2012-11-27 20:36:23,641 - Loaded System Directive: org.apache.velocity.runtime.directive.Evaluate
2012-11-27 20:36:23,642 - Loaded System Directive: org.apache.velocity.runtime.directive.Literal
2012-11-27 20:36:23,643 - Loaded System Directive: org.apache.velocity.runtime.directive.Macro
2012-11-27 20:36:23,644 - Loaded System Directive: org.apache.velocity.runtime.directive.Parse
2012-11-27 20:36:23,645 - Loaded System Directive: org.apache.velocity.runtime.directive.Include
2012-11-27 20:36:23,647 - Loaded System Directive: org.apache.velocity.runtime.directive.Foreach
2012-11-27 20:36:23,678 - Created '20' parsers.
2012-11-27 20:36:23,684 - Velocimacro : "velocimacro.library" is not set.  Trying default library: VM_global_library.vm
2012-11-27 20:36:23,685 - Could not load resource 'VM_global_library.vm' from ResourceLoader org.apache.velocity.runtime.resource.loader.ClasspathResourceLoader: 
org.apache.velocity.exception.ResourceNotFoundException: ClasspathResourceLoader Error: cannot find resource VM_global_library.vm
	at org.apache.velocity.runtime.resource.loader.ClasspathResourceLoader.getResourceStream(ClasspathResourceLoader.java:131)
	at org.apache.velocity.runtime.resource.loader.ResourceLoader.resourceExists(ResourceLoader.java:224)
	at org.apache.velocity.runtime.resource.ResourceManagerImpl.getLoaderForResource(ResourceManagerImpl.java:641)
	at org.apache.velocity.runtime.resource.ResourceManagerImpl.getLoaderNameForResource(ResourceManagerImpl.java:624)
	at org.apache.velocity.runtime.RuntimeInstance.getLoaderNameForResource(RuntimeInstance.java:1464)
	at org.apache.velocity.runtime.VelocimacroFactory.initVelocimacro(VelocimacroFactory.java:159)
	at org.apache.velocity.runtime.RuntimeInstance.init(RuntimeInstance.java:261)
	at org.apache.velocity.app.VelocityEngine.init(VelocityEngine.java:107)
	at ousl.group4.email.service.impl.MailSenderImpl.send(MailSenderImpl.java:243)
	at ousl.group4.test.TestNotificationApi.main(TestNotificationApi.java:72)
	at sun.reflect.NativeMethodAccessorImpl.invoke0(Native Method)
	at sun.reflect.NativeMethodAccessorImpl.invoke(NativeMethodAccessorImpl.java:39)
	at sun.reflect.DelegatingMethodAccessorImpl.invoke(DelegatingMethodAccessorImpl.java:25)
	at java.lang.reflect.Method.invoke(Method.java:597)
	at com.intellij.rt.execution.application.AppMain.main(AppMain.java:120)
2012-11-27 20:36:23,687 - Velocimacro : Default library not found.
2012-11-27 20:36:23,687 - Velocimacro : allowInline = true : VMs can be defined inline in templates
2012-11-27 20:36:23,687 - Velocimacro : allowInlineToOverride = false : VMs defined inline may NOT replace previous VM definitions
2012-11-27 20:36:23,687 - Velocimacro : allowInlineLocal = false : VMs defined inline will be global in scope if allowed.
2012-11-27 20:36:23,687 - Velocimacro : autoload off : VM system will not automatically reload global library macros
2012-11-27 20:36:23,701 - ResourceManager : found /test.vm with loader org.apache.velocity.runtime.resource.loader.ClasspathResourceLoader
2012-11-27 20:39:30,179 - Log4JLogChute initialized using file 'velocity.log'
2012-11-27 20:39:30,180 - Starting Apache Velocity v1.6.2 (compiled: 2009-02-19 16:29:46)
2012-11-27 20:39:30,180 - Default Properties File: org/apache/velocity/runtime/defaults/velocity.properties
2012-11-27 20:39:30,180 - Trying to use logger class org.apache.velocity.runtime.log.AvalonLogChute
2012-11-27 20:39:30,180 - Target log system for org.apache.velocity.runtime.log.AvalonLogChute is not available (java.lang.NoClassDefFoundError: org/apache/log/format/Formatter).  Falling back to next log system...
2012-11-27 20:39:30,180 - Trying to use logger class org.apache.velocity.runtime.log.Log4JLogChute
2012-11-27 20:39:30,180 - Using logger class org.apache.velocity.runtime.log.Log4JLogChute
2012-11-27 20:39:30,184 - ResourceLoader instantiated: org.apache.velocity.runtime.resource.loader.ClasspathResourceLoader
2012-11-27 20:39:30,191 - ResourceCache: initialized (class org.apache.velocity.runtime.resource.ResourceCacheImpl) with class java.util.Collections$SynchronizedMap cache map.
2012-11-27 20:39:30,192 - Loaded System Directive: org.apache.velocity.runtime.directive.Define
2012-11-27 20:39:30,193 - Loaded System Directive: org.apache.velocity.runtime.directive.Break
2012-11-27 20:39:30,194 - Loaded System Directive: org.apache.velocity.runtime.directive.Evaluate
2012-11-27 20:39:30,194 - Loaded System Directive: org.apache.velocity.runtime.directive.Literal
2012-11-27 20:39:30,195 - Loaded System Directive: org.apache.velocity.runtime.directive.Macro
2012-11-27 20:39:30,196 - Loaded System Directive: org.apache.velocity.runtime.directive.Parse
2012-11-27 20:39:30,198 - Loaded System Directive: org.apache.velocity.runtime.directive.Include
2012-11-27 20:39:30,199 - Loaded System Directive: org.apache.velocity.runtime.directive.Foreach
2012-11-27 20:39:30,230 - Created '20' parsers.
2012-11-27 20:39:30,236 - Velocimacro : "velocimacro.library" is not set.  Trying default library: VM_global_library.vm
2012-11-27 20:39:30,237 - Could not load resource 'VM_global_library.vm' from ResourceLoader org.apache.velocity.runtime.resource.loader.ClasspathResourceLoader: 
org.apache.velocity.exception.ResourceNotFoundException: ClasspathResourceLoader Error: cannot find resource VM_global_library.vm
	at org.apache.velocity.runtime.resource.loader.ClasspathResourceLoader.getResourceStream(ClasspathResourceLoader.java:131)
	at org.apache.velocity.runtime.resource.loader.ResourceLoader.resourceExists(ResourceLoader.java:224)
	at org.apache.velocity.runtime.resource.ResourceManagerImpl.getLoaderForResource(ResourceManagerImpl.java:641)
	at org.apache.velocity.runtime.resource.ResourceManagerImpl.getLoaderNameForResource(ResourceManagerImpl.java:624)
	at org.apache.velocity.runtime.RuntimeInstance.getLoaderNameForResource(RuntimeInstance.java:1464)
	at org.apache.velocity.runtime.VelocimacroFactory.initVelocimacro(VelocimacroFactory.java:159)
	at org.apache.velocity.runtime.RuntimeInstance.init(RuntimeInstance.java:261)
	at org.apache.velocity.app.VelocityEngine.init(VelocityEngine.java:107)
	at ousl.group4.email.service.impl.MailSenderImpl.send(MailSenderImpl.java:243)
	at ousl.group4.test.TestNotificationApi.main(TestNotificationApi.java:72)
	at sun.reflect.NativeMethodAccessorImpl.invoke0(Native Method)
	at sun.reflect.NativeMethodAccessorImpl.invoke(NativeMethodAccessorImpl.java:39)
	at sun.reflect.DelegatingMethodAccessorImpl.invoke(DelegatingMethodAccessorImpl.java:25)
	at java.lang.reflect.Method.invoke(Method.java:597)
	at com.intellij.rt.execution.application.AppMain.main(AppMain.java:120)
2012-11-27 20:39:30,238 - Velocimacro : Default library not found.
2012-11-27 20:39:30,238 - Velocimacro : allowInline = true : VMs can be defined inline in templates
2012-11-27 20:39:30,238 - Velocimacro : allowInlineToOverride = false : VMs defined inline may NOT replace previous VM definitions
2012-11-27 20:39:30,239 - Velocimacro : allowInlineLocal = false : VMs defined inline will be global in scope if allowed.
2012-11-27 20:39:30,239 - Velocimacro : autoload off : VM system will not automatically reload global library macros
2012-11-27 20:39:30,253 - ResourceManager : found /test.vm with loader org.apache.velocity.runtime.resource.loader.ClasspathResourceLoader
2012-11-27 20:58:49,714 - Log4JLogChute initialized using file 'velocity.log'
2012-11-27 20:58:49,714 - Starting Apache Velocity v1.6.2 (compiled: 2009-02-19 16:29:46)
2012-11-27 20:58:49,714 - Default Properties File: org/apache/velocity/runtime/defaults/velocity.properties
2012-11-27 20:58:49,714 - Trying to use logger class org.apache.velocity.runtime.log.AvalonLogChute
2012-11-27 20:58:49,715 - Target log system for org.apache.velocity.runtime.log.AvalonLogChute is not available (java.lang.NoClassDefFoundError: org/apache/log/format/Formatter).  Falling back to next log system...
2012-11-27 20:58:49,715 - Trying to use logger class org.apache.velocity.runtime.log.Log4JLogChute
2012-11-27 20:58:49,715 - Using logger class org.apache.velocity.runtime.log.Log4JLogChute
2012-11-27 20:58:49,719 - ResourceLoader instantiated: org.apache.velocity.runtime.resource.loader.ClasspathResourceLoader
2012-11-27 20:58:49,727 - ResourceCache: initialized (class org.apache.velocity.runtime.resource.ResourceCacheImpl) with class java.util.Collections$SynchronizedMap cache map.
2012-11-27 20:58:49,729 - Loaded System Directive: org.apache.velocity.runtime.directive.Define
2012-11-27 20:58:49,730 - Loaded System Directive: org.apache.velocity.runtime.directive.Break
2012-11-27 20:58:49,731 - Loaded System Directive: org.apache.velocity.runtime.directive.Evaluate
2012-11-27 20:58:49,731 - Loaded System Directive: org.apache.velocity.runtime.directive.Literal
2012-11-27 20:58:49,732 - Loaded System Directive: org.apache.velocity.runtime.directive.Macro
2012-11-27 20:58:49,734 - Loaded System Directive: org.apache.velocity.runtime.directive.Parse
2012-11-27 20:58:49,735 - Loaded System Directive: org.apache.velocity.runtime.directive.Include
2012-11-27 20:58:49,736 - Loaded System Directive: org.apache.velocity.runtime.directive.Foreach
2012-11-27 20:58:49,767 - Created '20' parsers.
2012-11-27 20:58:49,773 - Velocimacro : "velocimacro.library" is not set.  Trying default library: VM_global_library.vm
2012-11-27 20:58:49,774 - Could not load resource 'VM_global_library.vm' from ResourceLoader org.apache.velocity.runtime.resource.loader.ClasspathResourceLoader: 
org.apache.velocity.exception.ResourceNotFoundException: ClasspathResourceLoader Error: cannot find resource VM_global_library.vm
	at org.apache.velocity.runtime.resource.loader.ClasspathResourceLoader.getResourceStream(ClasspathResourceLoader.java:131)
	at org.apache.velocity.runtime.resource.loader.ResourceLoader.resourceExists(ResourceLoader.java:224)
	at org.apache.velocity.runtime.resource.ResourceManagerImpl.getLoaderForResource(ResourceManagerImpl.java:641)
	at org.apache.velocity.runtime.resource.ResourceManagerImpl.getLoaderNameForResource(ResourceManagerImpl.java:624)
	at org.apache.velocity.runtime.RuntimeInstance.getLoaderNameForResource(RuntimeInstance.java:1464)
	at org.apache.velocity.runtime.VelocimacroFactory.initVelocimacro(VelocimacroFactory.java:159)
	at org.apache.velocity.runtime.RuntimeInstance.init(RuntimeInstance.java:261)
	at org.apache.velocity.app.VelocityEngine.init(VelocityEngine.java:107)
	at ousl.group4.email.service.impl.MailSenderImpl.send(MailSenderImpl.java:244)
	at ousl.group4.test.TestNotificationApi.main(TestNotificationApi.java:72)
	at sun.reflect.NativeMethodAccessorImpl.invoke0(Native Method)
	at sun.reflect.NativeMethodAccessorImpl.invoke(NativeMethodAccessorImpl.java:39)
	at sun.reflect.DelegatingMethodAccessorImpl.invoke(DelegatingMethodAccessorImpl.java:25)
	at java.lang.reflect.Method.invoke(Method.java:597)
	at com.intellij.rt.execution.application.AppMain.main(AppMain.java:120)
2012-11-27 20:58:49,776 - Velocimacro : Default library not found.
2012-11-27 20:58:49,776 - Velocimacro : allowInline = true : VMs can be defined inline in templates
2012-11-27 20:58:49,776 - Velocimacro : allowInlineToOverride = false : VMs defined inline may NOT replace previous VM definitions
2012-11-27 20:58:49,776 - Velocimacro : allowInlineLocal = false : VMs defined inline will be global in scope if allowed.
2012-11-27 20:58:49,776 - Velocimacro : autoload off : VM system will not automatically reload global library macros
2012-11-27 20:58:49,791 - ResourceManager : found /test.vm with loader org.apache.velocity.runtime.resource.loader.ClasspathResourceLoader
